# JRE version: OpenJDK Runtime Environment (8.0_112-b06) (build 1.8.0_112-release-b06)
# Java VM: OpenJDK 64-Bit Server VM (25.112-b06 mixed mode windows-amd64 compressed oops)
Heap:
 PSYoungGen      total 407552K, used 133059K [0x00000000e0000000, 0x00000000ff900000, 0x0000000100000000)
  eden space 312320K, 41% used [0x00000000e0000000,0x00000000e7ffb888,0x00000000f3100000)
  from space 95232K, 2% used [0x00000000f3100000,0x00000000f32f5580,0x00000000f8e00000)
  to   space 91136K, 0% used [0x00000000fa000000,0x00000000fa000000,0x00000000ff900000)
 ParOldGen       total 482304K, used 145625K [0x00000000a0000000, 0x00000000bd700000, 0x00000000e0000000)
  object space 482304K, 30% used [0x00000000a0000000,0x00000000a8e367d0,0x00000000bd700000)
 Metaspace       used 74966K, capacity 78660K, committed 79000K, reserved 1118208K
  class space    used 9193K, capacity 9783K, committed 9880K, reserved 1048576K
GC Heap History (10 events):
Event: 809.022 GC heap before
{Heap before GC invocations=39 (full 4):
 PSYoungGen      total 380928K, used 260288K [0x00000000e0000000, 0x00000000ff000000, 0x0000000100000000)
  eden space 260096K, 100% used [0x00000000e0000000,0x00000000efe00000,0x00000000efe00000)
  from space 120832K, 0% used [0x00000000f7a00000,0x00000000f7a30000,0x00000000ff000000)
  to   space 123904K, 0% used [0x00000000efe00000,0x00000000efe00000,0x00000000f7700000)
 ParOldGen       total 482304K, used 136853K [0x00000000a0000000, 0x00000000bd700000, 0x00000000e0000000)
  object space 482304K, 28% used [0x00000000a0000000,0x00000000a85a5798,0x00000000bd700000)
 Metaspace       used 73973K, capacity 76812K, committed 76952K, reserved 1116160K
  class space    used 9073K, capacity 9577K, committed 9624K, reserved 1048576K
Event: 809.033 GC heap after
Heap after GC invocations=39 (full 4):
 PSYoungGen      total 384000K, used 22926K [0x00000000e0000000, 0x00000000ff100000, 0x0000000100000000)
  eden space 260096K, 0% used [0x00000000e0000000,0x00000000e0000000,0x00000000efe00000)
  from space 123904K, 18% used [0x00000000efe00000,0x00000000f1463a38,0x00000000f7700000)
  to   space 114688K, 0% used [0x00000000f8100000,0x00000000f8100000,0x00000000ff100000)
 ParOldGen       total 482304K, used 136909K [0x00000000a0000000, 0x00000000bd700000, 0x00000000e0000000)
  object space 482304K, 28% used [0x00000000a0000000,0x00000000a85b3798,0x00000000bd700000)
 Metaspace       used 73973K, capacity 76812K, committed 76952K, reserved 1116160K
  class space    used 9073K, capacity 9577K, committed 9624K, reserved 1048576K
}
Event: 812.274 GC heap before
{Heap before GC invocations=40 (full 4):
 PSYoungGen      total 384000K, used 283022K [0x00000000e0000000, 0x00000000ff100000, 0x0000000100000000)
  eden space 260096K, 100% used [0x00000000e0000000,0x00000000efe00000,0x00000000efe00000)
  from space 123904K, 18% used [0x00000000efe00000,0x00000000f1463a38,0x00000000f7700000)
  to   space 114688K, 0% used [0x00000000f8100000,0x00000000f8100000,0x00000000ff100000)
 ParOldGen       total 482304K, used 136909K [0x00000000a0000000, 0x00000000bd700000, 0x00000000e0000000)
  object space 482304K, 28% used [0x00000000a0000000,0x00000000a85b3798,0x00000000bd700000)
 Metaspace       used 74146K, capacity 77098K, committed 77208K, reserved 1116160K
  class space    used 9095K, capacity 9594K, committed 9624K, reserved 1048576K
Event: 812.281 GC heap after
Heap after GC invocations=40 (full 4):
 PSYoungGen      total 394752K, used 4379K [0x00000000e0000000, 0x00000000fec00000, 0x0000000100000000)
  eden space 285184K, 0% used [0x00000000e0000000,0x00000000e0000000,0x00000000f1680000)
  from space 109568K, 3% used [0x00000000f8100000,0x00000000f8546f08,0x00000000fec00000)
  to   space 109056K, 0% used [0x00000000f1680000,0x00000000f1680000,0x00000000f8100000)
 ParOldGen       total 482304K, used 142265K [0x00000000a0000000, 0x00000000bd700000, 0x00000000e0000000)
  object space 482304K, 29% used [0x00000000a0000000,0x00000000a8aee710,0x00000000bd700000)
 Metaspace       used 74146K, capacity 77098K, committed 77208K, reserved 1116160K
  class space    used 9095K, capacity 9594K, committed 9624K, reserved 1048576K
}
Event: 991.675 GC heap before
{Heap before GC invocations=41 (full 4):
 PSYoungGen      total 394752K, used 289563K [0x00000000e0000000, 0x00000000fec00000, 0x0000000100000000)
  eden space 285184K, 100% used [0x00000000e0000000,0x00000000f1680000,0x00000000f1680000)
  from space 109568K, 3% used [0x00000000f8100000,0x00000000f8546f08,0x00000000fec00000)
  to   space 109056K, 0% used [0x00000000f1680000,0x00000000f1680000,0x00000000f8100000)
 ParOldGen       total 482304K, used 142265K [0x00000000a0000000, 0x00000000bd700000, 0x00000000e0000000)
  object space 482304K, 29% used [0x00000000a0000000,0x00000000a8aee710,0x00000000bd700000)
 Metaspace       used 74460K, capacity 77706K, committed 77848K, reserved 1118208K
  class space    used 9133K, capacity 9656K, committed 9752K, reserved 1048576K
Event: 991.682 GC heap after
Heap after GC invocations=41 (full 4):
 PSYoungGen      total 394240K, used 7922K [0x00000000e0000000, 0x00000000ff380000, 0x0000000100000000)
  eden space 285184K, 0% used [0x00000000e0000000,0x00000000e0000000,0x00000000f1680000)
  from space 109056K, 7% used [0x00000000f1680000,0x00000000f1e3cb10,0x00000000f8100000)
  to   space 102912K, 0% used [0x00000000f8f00000,0x00000000f8f00000,0x00000000ff380000)
 ParOldGen       total 482304K, used 144253K [0x00000000a0000000, 0x00000000bd700000, 0x00000000e0000000)
  object space 482304K, 29% used [0x00000000a0000000,0x00000000a8cdf760,0x00000000bd700000)
 Metaspace       used 74460K, capacity 77706K, committed 77848K, reserved 1118208K
  class space    used 9133K, capacity 9656K, committed 9752K, reserved 1048576K
}
Event: 1074.683 GC heap before
{Heap before GC invocations=42 (full 4):
 PSYoungGen      total 394240K, used 293106K [0x00000000e0000000, 0x00000000ff380000, 0x0000000100000000)
  eden space 285184K, 100% used [0x00000000e0000000,0x00000000f1680000,0x00000000f1680000)
  from space 109056K, 7% used [0x00000000f1680000,0x00000000f1e3cb10,0x00000000f8100000)
  to   space 102912K, 0% used [0x00000000f8f00000,0x00000000f8f00000,0x00000000ff380000)
 ParOldGen       total 482304K, used 144253K [0x00000000a0000000, 0x00000000bd700000, 0x00000000e0000000)
  object space 482304K, 29% used [0x00000000a0000000,0x00000000a8cdf760,0x00000000bd700000)
 Metaspace       used 74728K, capacity 78162K, committed 78360K, reserved 1118208K
  class space    used 9166K, capacity 9740K, committed 9752K, reserved 1048576K
Event: 1074.697 GC heap after
Heap after GC invocations=42 (full 4):
 PSYoungGen      total 406528K, used 22088K [0x00000000e0000000, 0x00000000feb00000, 0x0000000100000000)
  eden space 312320K, 0% used [0x00000000e0000000,0x00000000e0000000,0x00000000f3100000)
  from space 94208K, 23% used [0x00000000f8f00000,0x00000000fa4920b0,0x00000000feb00000)
  to   space 95232K, 0% used [0x00000000f3100000,0x00000000f3100000,0x00000000f8e00000)
 ParOldGen       total 482304K, used 145109K [0x00000000a0000000, 0x00000000bd700000, 0x00000000e0000000)
  object space 482304K, 30% used [0x00000000a0000000,0x00000000a8db57b0,0x00000000bd700000)
 Metaspace       used 74728K, capacity 78162K, committed 78360K, reserved 1118208K
  class space    used 9166K, capacity 9740K, committed 9752K, reserved 1048576K
}
Event: 1214.328 GC heap before
{Heap before GC invocations=43 (full 4):
 PSYoungGen      total 406528K, used 334408K [0x00000000e0000000, 0x00000000feb00000, 0x0000000100000000)
  eden space 312320K, 100% used [0x00000000e0000000,0x00000000f3100000,0x00000000f3100000)
  from space 94208K, 23% used [0x00000000f8f00000,0x00000000fa4920b0,0x00000000feb00000)
  to   space 95232K, 0% used [0x00000000f3100000,0x00000000f3100000,0x00000000f8e00000)
 ParOldGen       total 482304K, used 145109K [0x00000000a0000000, 0x00000000bd700000, 0x00000000e0000000)
  object space 482304K, 30% used [0x00000000a0000000,0x00000000a8db57b0,0x00000000bd700000)
 Metaspace       used 74881K, capacity 78566K, committed 78744K, reserved 1118208K
  class space    used 9190K, capacity 9778K, committed 9880K, reserved 1048576K
Event: 1214.334 GC heap after
Heap after GC invocations=43 (full 4):
 PSYoungGen      total 407552K, used 2005K [0x00000000e0000000, 0x00000000ff900000, 0x0000000100000000)
  eden space 312320K, 0% used [0x00000000e0000000,0x00000000e0000000,0x00000000f3100000)
  from space 95232K, 2% used [0x00000000f3100000,0x00000000f32f5580,0x00000000f8e00000)
  to   space 91136K, 0% used [0x00000000fa000000,0x00000000fa000000,0x00000000ff900000)
 ParOldGen       total 482304K, used 145625K [0x00000000a0000000, 0x00000000bd700000, 0x00000000e0000000)
  object space 482304K, 30% used [0x00000000a0000000,0x00000000a8e367d0,0x00000000bd700000)
 Metaspace       used 74881K, capacity 78566K, committed 78744K, reserved 1118208K
  class space    used 9190K, capacity 9778K, committed 9880K, reserved 1048576K
}

