# JRE version: OpenJDK Runtime Environment (8.0_112-b06) (build 1.8.0_112-release-b06)
# Java VM: OpenJDK 64-Bit Server VM (25.112-b06 mixed mode windows-amd64 compressed oops)
Heap:
 PSYoungGen      total 165888K, used 117449K [0x00000000e0000000, 0x00000000ebb00000, 0x0000000100000000)
  eden space 155136K, 68% used [0x00000000e0000000,0x00000000e6859f28,0x00000000e9780000)
  from space 10752K, 98% used [0x00000000eb080000,0x00000000ebad8808,0x00000000ebb00000)
  to   space 12288K, 0% used [0x00000000ea300000,0x00000000ea300000,0x00000000eaf00000)
 ParOldGen       total 226304K, used 15047K [0x00000000a0000000, 0x00000000add00000, 0x00000000e0000000)
  object space 226304K, 6% used [0x00000000a0000000,0x00000000a0eb1e00,0x00000000add00000)
 Metaspace       used 47158K, capacity 48654K, committed 48768K, reserved 1091584K
  class space    used 6366K, capacity 6734K, committed 6784K, reserved 1048576K
GC Heap History (10 events):
Event: 2.808 GC heap before
{Heap before GC invocations=4 (full 1):
 PSYoungGen      total 95744K, used 82432K [0x00000000e0000000, 0x00000000ebb00000, 0x0000000100000000)
  eden space 82432K, 100% used [0x00000000e0000000,0x00000000e5080000,0x00000000e5080000)
  from space 13312K, 0% used [0x00000000e5d80000,0x00000000e5d80000,0x00000000e6a80000)
  to   space 13312K, 0% used [0x00000000e5080000,0x00000000e5080000,0x00000000e5d80000)
 ParOldGen       total 142336K, used 11574K [0x00000000a0000000, 0x00000000a8b00000, 0x00000000e0000000)
  object space 142336K, 8% used [0x00000000a0000000,0x00000000a0b4d808,0x00000000a8b00000)
 Metaspace       used 26756K, capacity 27136K, committed 27392K, reserved 1073152K
  class space    used 3714K, capacity 3821K, committed 3840K, reserved 1048576K
Event: 2.815 GC heap after
Heap after GC invocations=4 (full 1):
 PSYoungGen      total 95744K, used 9060K [0x00000000e0000000, 0x00000000e8980000, 0x0000000100000000)
  eden space 82432K, 0% used [0x00000000e0000000,0x00000000e0000000,0x00000000e5080000)
  from space 13312K, 68% used [0x00000000e5080000,0x00000000e5959238,0x00000000e5d80000)
  to   space 13312K, 0% used [0x00000000e7c80000,0x00000000e7c80000,0x00000000e8980000)
 ParOldGen       total 142336K, used 11582K [0x00000000a0000000, 0x00000000a8b00000, 0x00000000e0000000)
  object space 142336K, 8% used [0x00000000a0000000,0x00000000a0b4f808,0x00000000a8b00000)
 Metaspace       used 26756K, capacity 27136K, committed 27392K, reserved 1073152K
  class space    used 3714K, capacity 3821K, committed 3840K, reserved 1048576K
}
Event: 4.051 GC heap before
{Heap before GC invocations=5 (full 1):
 PSYoungGen      total 95744K, used 91492K [0x00000000e0000000, 0x00000000e8980000, 0x0000000100000000)
  eden space 82432K, 100% used [0x00000000e0000000,0x00000000e5080000,0x00000000e5080000)
  from space 13312K, 68% used [0x00000000e5080000,0x00000000e5959238,0x00000000e5d80000)
  to   space 13312K, 0% used [0x00000000e7c80000,0x00000000e7c80000,0x00000000e8980000)
 ParOldGen       total 142336K, used 11582K [0x00000000a0000000, 0x00000000a8b00000, 0x00000000e0000000)
  object space 142336K, 8% used [0x00000000a0000000,0x00000000a0b4f808,0x00000000a8b00000)
 Metaspace       used 33400K, capacity 33920K, committed 34176K, reserved 1079296K
  class space    used 4469K, capacity 4616K, committed 4736K, reserved 1048576K
Event: 4.062 GC heap after
Heap after GC invocations=5 (full 1):
 PSYoungGen      total 125440K, used 10017K [0x00000000e0000000, 0x00000000e8880000, 0x0000000100000000)
  eden space 113152K, 0% used [0x00000000e0000000,0x00000000e0000000,0x00000000e6e80000)
  from space 12288K, 81% used [0x00000000e7c80000,0x00000000e8648510,0x00000000e8880000)
  to   space 13312K, 0% used [0x00000000e6e80000,0x00000000e6e80000,0x00000000e7b80000)
 ParOldGen       total 142336K, used 11654K [0x00000000a0000000, 0x00000000a8b00000, 0x00000000e0000000)
  object space 142336K, 8% used [0x00000000a0000000,0x00000000a0b61818,0x00000000a8b00000)
 Metaspace       used 33400K, capacity 33920K, committed 34176K, reserved 1079296K
  class space    used 4469K, capacity 4616K, committed 4736K, reserved 1048576K
}
Event: 4.373 GC heap before
{Heap before GC invocations=6 (full 1):
 PSYoungGen      total 125440K, used 53162K [0x00000000e0000000, 0x00000000e8880000, 0x0000000100000000)
  eden space 113152K, 38% used [0x00000000e0000000,0x00000000e2a22478,0x00000000e6e80000)
  from space 12288K, 81% used [0x00000000e7c80000,0x00000000e8648510,0x00000000e8880000)
  to   space 13312K, 0% used [0x00000000e6e80000,0x00000000e6e80000,0x00000000e7b80000)
 ParOldGen       total 142336K, used 11654K [0x00000000a0000000, 0x00000000a8b00000, 0x00000000e0000000)
  object space 142336K, 8% used [0x00000000a0000000,0x00000000a0b61818,0x00000000a8b00000)
 Metaspace       used 34822K, capacity 35382K, committed 35496K, reserved 1079296K
  class space    used 4652K, capacity 4847K, committed 4864K, reserved 1048576K
Event: 4.384 GC heap after
Heap after GC invocations=6 (full 1):
 PSYoungGen      total 126464K, used 8769K [0x00000000e0000000, 0x00000000ebc80000, 0x0000000100000000)
  eden space 113152K, 0% used [0x00000000e0000000,0x00000000e0000000,0x00000000e6e80000)
  from space 13312K, 65% used [0x00000000e6e80000,0x00000000e77107d0,0x00000000e7b80000)
  to   space 12288K, 0% used [0x00000000eb080000,0x00000000eb080000,0x00000000ebc80000)
 ParOldGen       total 142336K, used 11662K [0x00000000a0000000, 0x00000000a8b00000, 0x00000000e0000000)
  object space 142336K, 8% used [0x00000000a0000000,0x00000000a0b63818,0x00000000a8b00000)
 Metaspace       used 34822K, capacity 35382K, committed 35496K, reserved 1079296K
  class space    used 4652K, capacity 4847K, committed 4864K, reserved 1048576K
}
Event: 4.384 GC heap before
{Heap before GC invocations=7 (full 2):
 PSYoungGen      total 126464K, used 8769K [0x00000000e0000000, 0x00000000ebc80000, 0x0000000100000000)
  eden space 113152K, 0% used [0x00000000e0000000,0x00000000e0000000,0x00000000e6e80000)
  from space 13312K, 65% used [0x00000000e6e80000,0x00000000e77107d0,0x00000000e7b80000)
  to   space 12288K, 0% used [0x00000000eb080000,0x00000000eb080000,0x00000000ebc80000)
 ParOldGen       total 142336K, used 11662K [0x00000000a0000000, 0x00000000a8b00000, 0x00000000e0000000)
  object space 142336K, 8% used [0x00000000a0000000,0x00000000a0b63818,0x00000000a8b00000)
 Metaspace       used 34822K, capacity 35382K, committed 35496K, reserved 1079296K
  class space    used 4652K, capacity 4847K, committed 4864K, reserved 1048576K
Event: 4.466 GC heap after
Heap after GC invocations=7 (full 2):
 PSYoungGen      total 126464K, used 0K [0x00000000e0000000, 0x00000000ebc80000, 0x0000000100000000)
  eden space 113152K, 0% used [0x00000000e0000000,0x00000000e0000000,0x00000000e6e80000)
  from space 13312K, 0% used [0x00000000e6e80000,0x00000000e6e80000,0x00000000e7b80000)
  to   space 12288K, 0% used [0x00000000eb080000,0x00000000eb080000,0x00000000ebc80000)
 ParOldGen       total 226304K, used 15039K [0x00000000a0000000, 0x00000000add00000, 0x00000000e0000000)
  object space 226304K, 6% used [0x00000000a0000000,0x00000000a0eafe00,0x00000000add00000)
 Metaspace       used 34822K, capacity 35382K, committed 35496K, reserved 1079296K
  class space    used 4652K, capacity 4847K, committed 4864K, reserved 1048576K
}
Event: 5.454 GC heap before
{Heap before GC invocations=8 (full 2):
 PSYoungGen      total 126464K, used 113152K [0x00000000e0000000, 0x00000000ebc80000, 0x0000000100000000)
  eden space 113152K, 100% used [0x00000000e0000000,0x00000000e6e80000,0x00000000e6e80000)
  from space 13312K, 0% used [0x00000000e6e80000,0x00000000e6e80000,0x00000000e7b80000)
  to   space 12288K, 0% used [0x00000000eb080000,0x00000000eb080000,0x00000000ebc80000)
 ParOldGen       total 226304K, used 15039K [0x00000000a0000000, 0x00000000add00000, 0x00000000e0000000)
  object space 226304K, 6% used [0x00000000a0000000,0x00000000a0eafe00,0x00000000add00000)
 Metaspace       used 42335K, capacity 43176K, committed 43392K, reserved 1087488K
  class space    used 5658K, capacity 5925K, committed 6016K, reserved 1048576K
Event: 5.465 GC heap after
Heap after GC invocations=8 (full 2):
 PSYoungGen      total 165888K, used 10594K [0x00000000e0000000, 0x00000000ebb00000, 0x0000000100000000)
  eden space 155136K, 0% used [0x00000000e0000000,0x00000000e0000000,0x00000000e9780000)
  from space 10752K, 98% used [0x00000000eb080000,0x00000000ebad8808,0x00000000ebb00000)
  to   space 12288K, 0% used [0x00000000ea300000,0x00000000ea300000,0x00000000eaf00000)
 ParOldGen       total 226304K, used 15047K [0x00000000a0000000, 0x00000000add00000, 0x00000000e0000000)
  object space 226304K, 6% used [0x00000000a0000000,0x00000000a0eb1e00,0x00000000add00000)
 Metaspace       used 42335K, capacity 43176K, committed 43392K, reserved 1087488K
  class space    used 5658K, capacity 5925K, committed 6016K, reserved 1048576K
}

